<!DOCTYPE html PUBLIC "-//W3C//DTD XHTML 1.1//EN" "https://www.w3.org/TR/xhtml11/DTD/xhtml11.dtd">
<html xmlns="https://www.w3.org/1999/xhtml">
<head>
<meta http-equiv="content-type" content="text/html; charset=UTF-8"/>
<title>TestNG Report</title>
<style type="text/css">table {margin-bottom:10px;border-collapse:collapse;empty-cells:show}th,td {border:1px solid #009;padding:.25em .5em}th {vertical-align:bottom}td {vertical-align:top}table a {font-weight:bold}.stripe td {background-color: #E6EBF9}.num {text-align:right}.passedodd td {background-color: #3F3}.passedeven td {background-color: #0A0}.skippedodd td {background-color: #DDD}.skippedeven td {background-color: #CCC}.failedodd td,.attn {background-color: #F33}.failedeven td,.stripe .attn {background-color: #D00}.stacktrace {white-space:pre;font-family:monospace}.totop {font-size:85%;text-align:center;border-bottom:2px solid #000}.invisible {display:none}</style>
</head>
<body>
<table>
<tr><th>Test</th><th># Passed</th><th># Skipped</th><th># Retried</th><th># Failed</th><th>Time (ms)</th><th>Included Groups</th><th>Excluded Groups</th></tr>
<tr><th colspan="8">flight-reservation</th></tr>
<tr><td><a href="#t0">passengers-count-3</a></td><td class="num">4</td><td class="num">0</td><td class="num">0</td><td class="num attn">1</td><td class="num">19,932</td><td></td><td></td></tr>
<tr class="stripe"><td><a href="#t1">passengers-count-4</a></td><td class="num">4</td><td class="num">0</td><td class="num">0</td><td class="num attn">1</td><td class="num">19,876</td><td></td><td></td></tr>
<tr><td><a href="#t2">passengers-count-2</a></td><td class="num">4</td><td class="num">0</td><td class="num">0</td><td class="num attn">1</td><td class="num">21,011</td><td></td><td></td></tr>
<tr class="stripe"><td><a href="#t3">passengers-count-1</a></td><td class="num">4</td><td class="num">0</td><td class="num">0</td><td class="num attn">1</td><td class="num">21,081</td><td></td><td></td></tr>
<tr><th>Total</th><th class="num">16</th><th class="num">0</th><th class="num">0</th><th class="num attn">4</th><th class="num">81,900</th><th colspan="2"></th></tr>
</table>
<table id='summary'><thead><tr><th>Class</th><th>Method</th><th>Start</th><th>Time (ms)</th></tr></thead><tbody><tr><th colspan="4">flight-reservation</th></tr></tbody><tbody id="t0"><tr><th colspan="4">passengers-count-3 &#8212; failed</th></tr><tr class="failedeven"><td rowspan="1">com.automation.selenium_docker.flightreservation.FlightReservationTest</td><td><a href="#m0">flightReservationConfirmationTest</a></td><td rowspan="1">1703943944569</td><td rowspan="1">308</td></tr><tr><th colspan="4">passengers-count-3 &#8212; passed</th></tr><tr class="passedeven"><td rowspan="4">com.automation.selenium_docker.flightreservation.FlightReservationTest</td><td><a href="#m1">flightSearchTest</a></td><td rowspan="1">1703943938873</td><td rowspan="1">4134</td></tr><tr class="passedeven"><td><a href="#m2">flightSelectionTest</a></td><td rowspan="1">1703943943009</td><td rowspan="1">1559</td></tr><tr class="passedeven"><td><a href="#m3">registrationConfirmationTest</a></td><td rowspan="1">1703943937895</td><td rowspan="1">975</td></tr><tr class="passedeven"><td><a href="#m4">userRegistrationTest</a></td><td rowspan="1">1703943930177</td><td rowspan="1">7717</td></tr></tbody>
<tbody id="t1"><tr><th colspan="4">passengers-count-4 &#8212; failed</th></tr><tr class="failedeven"><td rowspan="1">com.automation.selenium_docker.flightreservation.FlightReservationTest</td><td><a href="#m5">flightReservationConfirmationTest</a></td><td rowspan="1">1703943943315</td><td rowspan="1">1488</td></tr><tr><th colspan="4">passengers-count-4 &#8212; passed</th></tr><tr class="passedeven"><td rowspan="4">com.automation.selenium_docker.flightreservation.FlightReservationTest</td><td><a href="#m6">flightSearchTest</a></td><td rowspan="1">1703943938213</td><td rowspan="1">3576</td></tr><tr class="passedeven"><td><a href="#m7">flightSelectionTest</a></td><td rowspan="1">1703943941790</td><td rowspan="1">1523</td></tr><tr class="passedeven"><td><a href="#m8">registrationConfirmationTest</a></td><td rowspan="1">1703943937204</td><td rowspan="1">1008</td></tr><tr class="passedeven"><td><a href="#m9">userRegistrationTest</a></td><td rowspan="1">1703943930177</td><td rowspan="1">7014</td></tr></tbody>
<tbody id="t2"><tr><th colspan="4">passengers-count-2 &#8212; failed</th></tr><tr class="failedeven"><td rowspan="1">com.automation.selenium_docker.flightreservation.FlightReservationTest</td><td><a href="#m10">flightReservationConfirmationTest</a></td><td rowspan="1">1703943943920</td><td rowspan="1">2003</td></tr><tr><th colspan="4">passengers-count-2 &#8212; passed</th></tr><tr class="passedeven"><td rowspan="4">com.automation.selenium_docker.flightreservation.FlightReservationTest</td><td><a href="#m11">flightSearchTest</a></td><td rowspan="1">1703943939357</td><td rowspan="1">3620</td></tr><tr class="passedeven"><td><a href="#m12">flightSelectionTest</a></td><td rowspan="1">1703943942978</td><td rowspan="1">940</td></tr><tr class="passedeven"><td><a href="#m13">registrationConfirmationTest</a></td><td rowspan="1">1703943937762</td><td rowspan="1">1591</td></tr><tr class="passedeven"><td><a href="#m14">userRegistrationTest</a></td><td rowspan="1">1703943930177</td><td rowspan="1">7583</td></tr></tbody>
<tbody id="t3"><tr><th colspan="4">passengers-count-1 &#8212; failed</th></tr><tr class="failedeven"><td rowspan="1">com.automation.selenium_docker.flightreservation.FlightReservationTest</td><td><a href="#m15">flightReservationConfirmationTest</a></td><td rowspan="1">1703943944563</td><td rowspan="1">1388</td></tr><tr><th colspan="4">passengers-count-1 &#8212; passed</th></tr><tr class="passedeven"><td rowspan="4">com.automation.selenium_docker.flightreservation.FlightReservationTest</td><td><a href="#m16">flightSearchTest</a></td><td rowspan="1">1703943939004</td><td rowspan="1">2756</td></tr><tr class="passedeven"><td><a href="#m17">flightSelectionTest</a></td><td rowspan="1">1703943941761</td><td rowspan="1">2799</td></tr><tr class="passedeven"><td><a href="#m18">registrationConfirmationTest</a></td><td rowspan="1">1703943938018</td><td rowspan="1">984</td></tr><tr class="passedeven"><td><a href="#m19">userRegistrationTest</a></td><td rowspan="1">1703943930177</td><td rowspan="1">7840</td></tr></tbody>
</table>
<h2>passengers-count-3</h2><h3 id="m0">com.automation.selenium_docker.flightreservation.FlightReservationTest#flightReservationConfirmationTest</h3><table class="result"><tr><th>Exception</th></tr><tr><td><div class="stacktrace">java.lang.AssertionError: expected [$1763 USD] but found [$1753 USD]
	at com.automation.selenium_docker.flightreservation.FlightReservationTest.flightReservationConfirmationTest(FlightReservationTest.java:76)
	at java.base/java.util.ArrayList.forEach(ArrayList.java:1511)
	at java.base/java.util.concurrent.FutureTask.run(FutureTask.java:264)
	at java.base/java.util.concurrent.ThreadPoolExecutor.runWorker(ThreadPoolExecutor.java:1136)
	at java.base/java.util.concurrent.ThreadPoolExecutor$Worker.run(ThreadPoolExecutor.java:635)
	at java.base/java.lang.Thread.run(Thread.java:833)
... Removed 23 stack frames</div></td></tr></table><p class="totop"><a href="#summary">back to summary</a></p>
<h3 id="m1">com.automation.selenium_docker.flightreservation.FlightReservationTest#flightSearchTest</h3><table class="result"><tr><th class="invisible"/></tr></table><p class="totop"><a href="#summary">back to summary</a></p>
<h3 id="m2">com.automation.selenium_docker.flightreservation.FlightReservationTest#flightSelectionTest</h3><table class="result"><tr><th class="invisible"/></tr></table><p class="totop"><a href="#summary">back to summary</a></p>
<h3 id="m3">com.automation.selenium_docker.flightreservation.FlightReservationTest#registrationConfirmationTest</h3><table class="result"><tr><th class="invisible"/></tr></table><p class="totop"><a href="#summary">back to summary</a></p>
<h3 id="m4">com.automation.selenium_docker.flightreservation.FlightReservationTest#userRegistrationTest</h3><table class="result"><tr><th class="invisible"/></tr></table><p class="totop"><a href="#summary">back to summary</a></p>
<h2>passengers-count-4</h2><h3 id="m5">com.automation.selenium_docker.flightreservation.FlightReservationTest#flightReservationConfirmationTest</h3><table class="result"><tr><th>Exception</th></tr><tr><td><div class="stacktrace">java.lang.AssertionError: expected [$238 USD] but found [$2338 USD]
	at com.automation.selenium_docker.flightreservation.FlightReservationTest.flightReservationConfirmationTest(FlightReservationTest.java:76)
	at java.base/java.util.ArrayList.forEach(ArrayList.java:1511)
	at java.base/java.util.concurrent.FutureTask.run(FutureTask.java:264)
	at java.base/java.util.concurrent.ThreadPoolExecutor.runWorker(ThreadPoolExecutor.java:1136)
	at java.base/java.util.concurrent.ThreadPoolExecutor$Worker.run(ThreadPoolExecutor.java:635)
	at java.base/java.lang.Thread.run(Thread.java:833)
... Removed 23 stack frames</div></td></tr></table><p class="totop"><a href="#summary">back to summary</a></p>
<h3 id="m6">com.automation.selenium_docker.flightreservation.FlightReservationTest#flightSearchTest</h3><table class="result"><tr><th class="invisible"/></tr></table><p class="totop"><a href="#summary">back to summary</a></p>
<h3 id="m7">com.automation.selenium_docker.flightreservation.FlightReservationTest#flightSelectionTest</h3><table class="result"><tr><th class="invisible"/></tr></table><p class="totop"><a href="#summary">back to summary</a></p>
<h3 id="m8">com.automation.selenium_docker.flightreservation.FlightReservationTest#registrationConfirmationTest</h3><table class="result"><tr><th class="invisible"/></tr></table><p class="totop"><a href="#summary">back to summary</a></p>
<h3 id="m9">com.automation.selenium_docker.flightreservation.FlightReservationTest#userRegistrationTest</h3><table class="result"><tr><th class="invisible"/></tr></table><p class="totop"><a href="#summary">back to summary</a></p>
<h2>passengers-count-2</h2><h3 id="m10">com.automation.selenium_docker.flightreservation.FlightReservationTest#flightReservationConfirmationTest</h3><table class="result"><tr><th>Exception</th></tr><tr><td><div class="stacktrace">java.lang.AssertionError: expected [$1159 USD] but found [$1169 USD]
	at com.automation.selenium_docker.flightreservation.FlightReservationTest.flightReservationConfirmationTest(FlightReservationTest.java:76)
	at java.base/java.util.ArrayList.forEach(ArrayList.java:1511)
	at java.base/java.util.concurrent.FutureTask.run(FutureTask.java:264)
	at java.base/java.util.concurrent.ThreadPoolExecutor.runWorker(ThreadPoolExecutor.java:1136)
	at java.base/java.util.concurrent.ThreadPoolExecutor$Worker.run(ThreadPoolExecutor.java:635)
	at java.base/java.lang.Thread.run(Thread.java:833)
... Removed 23 stack frames</div></td></tr></table><p class="totop"><a href="#summary">back to summary</a></p>
<h3 id="m11">com.automation.selenium_docker.flightreservation.FlightReservationTest#flightSearchTest</h3><table class="result"><tr><th class="invisible"/></tr></table><p class="totop"><a href="#summary">back to summary</a></p>
<h3 id="m12">com.automation.selenium_docker.flightreservation.FlightReservationTest#flightSelectionTest</h3><table class="result"><tr><th class="invisible"/></tr></table><p class="totop"><a href="#summary">back to summary</a></p>
<h3 id="m13">com.automation.selenium_docker.flightreservation.FlightReservationTest#registrationConfirmationTest</h3><table class="result"><tr><th class="invisible"/></tr></table><p class="totop"><a href="#summary">back to summary</a></p>
<h3 id="m14">com.automation.selenium_docker.flightreservation.FlightReservationTest#userRegistrationTest</h3><table class="result"><tr><th class="invisible"/></tr></table><p class="totop"><a href="#summary">back to summary</a></p>
<h2>passengers-count-1</h2><h3 id="m15">com.automation.selenium_docker.flightreservation.FlightReservationTest#flightReservationConfirmationTest</h3><table class="result"><tr><th>Exception</th></tr><tr><td><div class="stacktrace">java.lang.AssertionError: expected [$585 USD] but found [$584 USD]
	at com.automation.selenium_docker.flightreservation.FlightReservationTest.flightReservationConfirmationTest(FlightReservationTest.java:76)
	at java.base/java.util.ArrayList.forEach(ArrayList.java:1511)
	at java.base/java.util.concurrent.FutureTask.run(FutureTask.java:264)
	at java.base/java.util.concurrent.ThreadPoolExecutor.runWorker(ThreadPoolExecutor.java:1136)
	at java.base/java.util.concurrent.ThreadPoolExecutor$Worker.run(ThreadPoolExecutor.java:635)
	at java.base/java.lang.Thread.run(Thread.java:833)
... Removed 23 stack frames</div></td></tr></table><p class="totop"><a href="#summary">back to summary</a></p>
<h3 id="m16">com.automation.selenium_docker.flightreservation.FlightReservationTest#flightSearchTest</h3><table class="result"><tr><th class="invisible"/></tr></table><p class="totop"><a href="#summary">back to summary</a></p>
<h3 id="m17">com.automation.selenium_docker.flightreservation.FlightReservationTest#flightSelectionTest</h3><table class="result"><tr><th class="invisible"/></tr></table><p class="totop"><a href="#summary">back to summary</a></p>
<h3 id="m18">com.automation.selenium_docker.flightreservation.FlightReservationTest#registrationConfirmationTest</h3><table class="result"><tr><th class="invisible"/></tr></table><p class="totop"><a href="#summary">back to summary</a></p>
<h3 id="m19">com.automation.selenium_docker.flightreservation.FlightReservationTest#userRegistrationTest</h3><table class="result"><tr><th class="invisible"/></tr></table><p class="totop"><a href="#summary">back to summary</a></p>
</body>
</html>
