<?xml version="1.0" encoding="UTF-8"?>
<testng-results ignored="0" total="20" passed="16" failed="4" skipped="0">
  <reporter-output>
  </reporter-output>
  <suite started-at="2023-12-29T23:31:06 IST" name="flight-reservation" finished-at="2023-12-29T23:31:23 IST" duration-ms="17329">
    <groups>
    </groups>
    <test started-at="2023-12-29T23:31:06 IST" name="passengers-count-2" finished-at="2023-12-29T23:31:20 IST" duration-ms="14219">
      <class name="com.automation.selenium_docker.flightreservation.FlightReservationTest">
        <test-method is-config="true" signature="setDriver(org.testng.ITestContext)[pri:0, instance:com.automation.selenium_docker.flightreservation.FlightReservationTest@241e8ea6]" started-at="2023-12-29T23:31:06 IST" name="setDriver" finished-at="2023-12-29T23:31:08 IST" duration-ms="1662" status="PASS">
          <params>
            <param index="0">
              <value>
                <![CDATA[org.testng.TestRunner@56c698e3]]>
              </value>
            </param>
          </params>
          <reporter-output>
          </reporter-output>
        </test-method> <!-- setDriver -->
        <test-method is-config="true" signature="setParameters(java.lang.String)[pri:0, instance:com.automation.selenium_docker.flightreservation.FlightReservationTest@241e8ea6]" started-at="2023-12-29T23:31:08 IST" name="setParameters" finished-at="2023-12-29T23:31:08 IST" depends-on-methods="com.automation.selenium_docker.basepackege.AbstractTest.setDriver" duration-ms="141" status="PASS">
          <params>
            <param index="0">
              <value>
                <![CDATA[test-data/flight-reservation/passenger-2.json]]>
              </value>
            </param>
          </params>
          <reporter-output>
          </reporter-output>
        </test-method> <!-- setParameters -->
        <test-method signature="userRegistrationTest()[pri:0, instance:com.automation.selenium_docker.flightreservation.FlightReservationTest@241e8ea6]" started-at="2023-12-29T23:31:08 IST" name="userRegistrationTest" finished-at="2023-12-29T23:31:14 IST" duration-ms="6582" status="PASS">
          <reporter-output>
          </reporter-output>
        </test-method> <!-- userRegistrationTest -->
        <test-method signature="registrationConfirmationTest()[pri:0, instance:com.automation.selenium_docker.flightreservation.FlightReservationTest@241e8ea6]" started-at="2023-12-29T23:31:14 IST" name="registrationConfirmationTest" finished-at="2023-12-29T23:31:15 IST" depends-on-methods="com.automation.selenium_docker.flightreservation.FlightReservationTest.userRegistrationTest" duration-ms="880" status="PASS">
          <reporter-output>
          </reporter-output>
        </test-method> <!-- registrationConfirmationTest -->
        <test-method signature="flightSearchTest()[pri:0, instance:com.automation.selenium_docker.flightreservation.FlightReservationTest@241e8ea6]" started-at="2023-12-29T23:31:15 IST" name="flightSearchTest" finished-at="2023-12-29T23:31:19 IST" depends-on-methods="com.automation.selenium_docker.flightreservation.FlightReservationTest.registrationConfirmationTest" duration-ms="3331" status="PASS">
          <reporter-output>
          </reporter-output>
        </test-method> <!-- flightSearchTest -->
        <test-method signature="flightSelectionTest()[pri:0, instance:com.automation.selenium_docker.flightreservation.FlightReservationTest@241e8ea6]" started-at="2023-12-29T23:31:19 IST" name="flightSelectionTest" finished-at="2023-12-29T23:31:20 IST" depends-on-methods="com.automation.selenium_docker.flightreservation.FlightReservationTest.flightSearchTest" duration-ms="1023" status="PASS">
          <reporter-output>
          </reporter-output>
        </test-method> <!-- flightSelectionTest -->
        <test-method signature="flightReservationConfirmationTest()[pri:0, instance:com.automation.selenium_docker.flightreservation.FlightReservationTest@241e8ea6]" started-at="2023-12-29T23:31:20 IST" name="flightReservationConfirmationTest" finished-at="2023-12-29T23:31:20 IST" depends-on-methods="com.automation.selenium_docker.flightreservation.FlightReservationTest.flightSelectionTest" duration-ms="326" status="FAIL">
          <exception class="java.lang.AssertionError">
            <message>
              <![CDATA[expected [$1159 USD] but found [$1169 USD]]]>
            </message>
            <full-stacktrace>
              <![CDATA[java.lang.AssertionError: expected [$1159 USD] but found [$1169 USD]
at org.testng.Assert.fail(Assert.java:111)
at org.testng.Assert.failNotEquals(Assert.java:1578)
at org.testng.Assert.assertEqualsImpl(Assert.java:150)
at org.testng.Assert.assertEquals(Assert.java:132)
at org.testng.Assert.assertEquals(Assert.java:656)
at org.testng.Assert.assertEquals(Assert.java:666)
at com.automation.selenium_docker.flightreservation.FlightReservationTest.flightReservationConfirmationTest(FlightReservationTest.java:76)
at java.base/jdk.internal.reflect.NativeMethodAccessorImpl.invoke0(Native Method)
at java.base/jdk.internal.reflect.NativeMethodAccessorImpl.invoke(NativeMethodAccessorImpl.java:77)
at java.base/jdk.internal.reflect.DelegatingMethodAccessorImpl.invoke(DelegatingMethodAccessorImpl.java:43)
at java.base/java.lang.reflect.Method.invoke(Method.java:568)
at org.testng.internal.invokers.MethodInvocationHelper.invokeMethod(MethodInvocationHelper.java:139)
at org.testng.internal.invokers.TestInvoker.invokeMethod(TestInvoker.java:664)
at org.testng.internal.invokers.TestInvoker.invokeTestMethod(TestInvoker.java:227)
at org.testng.internal.invokers.MethodRunner.runInSequence(MethodRunner.java:50)
at org.testng.internal.invokers.TestInvoker$MethodInvocationAgent.invoke(TestInvoker.java:957)
at org.testng.internal.invokers.TestInvoker.invokeTestMethods(TestInvoker.java:200)
at org.testng.internal.invokers.TestMethodWorker.invokeTestMethods(TestMethodWorker.java:148)
at org.testng.internal.invokers.TestMethodWorker.run(TestMethodWorker.java:128)
at java.base/java.util.ArrayList.forEach(ArrayList.java:1511)
at org.testng.TestRunner.privateRun(TestRunner.java:848)
at org.testng.TestRunner.run(TestRunner.java:621)
at org.testng.SuiteRunner.runTest(SuiteRunner.java:443)
at org.testng.SuiteRunner$SuiteWorker.run(SuiteRunner.java:481)
at org.testng.internal.thread.ThreadUtil.lambda$execute$0(ThreadUtil.java:58)
at java.base/java.util.concurrent.FutureTask.run(FutureTask.java:264)
at java.base/java.util.concurrent.ThreadPoolExecutor.runWorker(ThreadPoolExecutor.java:1136)
at java.base/java.util.concurrent.ThreadPoolExecutor$Worker.run(ThreadPoolExecutor.java:635)
at java.base/java.lang.Thread.run(Thread.java:833)
]]>
            </full-stacktrace>
          </exception> <!-- java.lang.AssertionError -->
          <reporter-output>
          </reporter-output>
        </test-method> <!-- flightReservationConfirmationTest -->
        <test-method is-config="true" signature="tearDown()[pri:0, instance:com.automation.selenium_docker.flightreservation.FlightReservationTest@241e8ea6]" started-at="2023-12-29T23:31:20 IST" name="tearDown" finished-at="2023-12-29T23:31:20 IST" duration-ms="82" status="PASS">
          <reporter-output>
          </reporter-output>
        </test-method> <!-- tearDown -->
      </class> <!-- com.automation.selenium_docker.flightreservation.FlightReservationTest -->
    </test> <!-- passengers-count-2 -->
    <test started-at="2023-12-29T23:31:06 IST" name="passengers-count-3" finished-at="2023-12-29T23:31:22 IST" duration-ms="15930">
      <class name="com.automation.selenium_docker.flightreservation.FlightReservationTest">
        <test-method is-config="true" signature="setDriver(org.testng.ITestContext)[pri:0, instance:com.automation.selenium_docker.flightreservation.FlightReservationTest@626c44e7]" started-at="2023-12-29T23:31:06 IST" name="setDriver" finished-at="2023-12-29T23:31:08 IST" duration-ms="1675" status="PASS">
          <params>
            <param index="0">
              <value>
                <![CDATA[org.testng.TestRunner@696f0212]]>
              </value>
            </param>
          </params>
          <reporter-output>
          </reporter-output>
        </test-method> <!-- setDriver -->
        <test-method is-config="true" signature="setParameters(java.lang.String)[pri:0, instance:com.automation.selenium_docker.flightreservation.FlightReservationTest@626c44e7]" started-at="2023-12-29T23:31:08 IST" name="setParameters" finished-at="2023-12-29T23:31:08 IST" depends-on-methods="com.automation.selenium_docker.basepackege.AbstractTest.setDriver" duration-ms="132" status="PASS">
          <params>
            <param index="0">
              <value>
                <![CDATA[test-data/flight-reservation/passenger-3.json]]>
              </value>
            </param>
          </params>
          <reporter-output>
          </reporter-output>
        </test-method> <!-- setParameters -->
        <test-method signature="userRegistrationTest()[pri:0, instance:com.automation.selenium_docker.flightreservation.FlightReservationTest@626c44e7]" started-at="2023-12-29T23:31:08 IST" name="userRegistrationTest" finished-at="2023-12-29T23:31:13 IST" duration-ms="5562" status="PASS">
          <reporter-output>
          </reporter-output>
        </test-method> <!-- userRegistrationTest -->
        <test-method signature="registrationConfirmationTest()[pri:0, instance:com.automation.selenium_docker.flightreservation.FlightReservationTest@626c44e7]" started-at="2023-12-29T23:31:13 IST" name="registrationConfirmationTest" finished-at="2023-12-29T23:31:15 IST" depends-on-methods="com.automation.selenium_docker.flightreservation.FlightReservationTest.userRegistrationTest" duration-ms="1387" status="PASS">
          <reporter-output>
          </reporter-output>
        </test-method> <!-- registrationConfirmationTest -->
        <test-method signature="flightSearchTest()[pri:0, instance:com.automation.selenium_docker.flightreservation.FlightReservationTest@626c44e7]" started-at="2023-12-29T23:31:15 IST" name="flightSearchTest" finished-at="2023-12-29T23:31:17 IST" depends-on-methods="com.automation.selenium_docker.flightreservation.FlightReservationTest.registrationConfirmationTest" duration-ms="2039" status="PASS">
          <reporter-output>
          </reporter-output>
        </test-method> <!-- flightSearchTest -->
        <test-method signature="flightSelectionTest()[pri:0, instance:com.automation.selenium_docker.flightreservation.FlightReservationTest@626c44e7]" started-at="2023-12-29T23:31:17 IST" name="flightSelectionTest" finished-at="2023-12-29T23:31:20 IST" depends-on-methods="com.automation.selenium_docker.flightreservation.FlightReservationTest.flightSearchTest" duration-ms="3363" status="PASS">
          <reporter-output>
          </reporter-output>
        </test-method> <!-- flightSelectionTest -->
        <test-method signature="flightReservationConfirmationTest()[pri:0, instance:com.automation.selenium_docker.flightreservation.FlightReservationTest@626c44e7]" started-at="2023-12-29T23:31:20 IST" name="flightReservationConfirmationTest" finished-at="2023-12-29T23:31:22 IST" depends-on-methods="com.automation.selenium_docker.flightreservation.FlightReservationTest.flightSelectionTest" duration-ms="1443" status="FAIL">
          <exception class="java.lang.AssertionError">
            <message>
              <![CDATA[expected [$1763 USD] but found [$1753 USD]]]>
            </message>
            <full-stacktrace>
              <![CDATA[java.lang.AssertionError: expected [$1763 USD] but found [$1753 USD]
at org.testng.Assert.fail(Assert.java:111)
at org.testng.Assert.failNotEquals(Assert.java:1578)
at org.testng.Assert.assertEqualsImpl(Assert.java:150)
at org.testng.Assert.assertEquals(Assert.java:132)
at org.testng.Assert.assertEquals(Assert.java:656)
at org.testng.Assert.assertEquals(Assert.java:666)
at com.automation.selenium_docker.flightreservation.FlightReservationTest.flightReservationConfirmationTest(FlightReservationTest.java:76)
at java.base/jdk.internal.reflect.NativeMethodAccessorImpl.invoke0(Native Method)
at java.base/jdk.internal.reflect.NativeMethodAccessorImpl.invoke(NativeMethodAccessorImpl.java:77)
at java.base/jdk.internal.reflect.DelegatingMethodAccessorImpl.invoke(DelegatingMethodAccessorImpl.java:43)
at java.base/java.lang.reflect.Method.invoke(Method.java:568)
at org.testng.internal.invokers.MethodInvocationHelper.invokeMethod(MethodInvocationHelper.java:139)
at org.testng.internal.invokers.TestInvoker.invokeMethod(TestInvoker.java:664)
at org.testng.internal.invokers.TestInvoker.invokeTestMethod(TestInvoker.java:227)
at org.testng.internal.invokers.MethodRunner.runInSequence(MethodRunner.java:50)
at org.testng.internal.invokers.TestInvoker$MethodInvocationAgent.invoke(TestInvoker.java:957)
at org.testng.internal.invokers.TestInvoker.invokeTestMethods(TestInvoker.java:200)
at org.testng.internal.invokers.TestMethodWorker.invokeTestMethods(TestMethodWorker.java:148)
at org.testng.internal.invokers.TestMethodWorker.run(TestMethodWorker.java:128)
at java.base/java.util.ArrayList.forEach(ArrayList.java:1511)
at org.testng.TestRunner.privateRun(TestRunner.java:848)
at org.testng.TestRunner.run(TestRunner.java:621)
at org.testng.SuiteRunner.runTest(SuiteRunner.java:443)
at org.testng.SuiteRunner$SuiteWorker.run(SuiteRunner.java:481)
at org.testng.internal.thread.ThreadUtil.lambda$execute$0(ThreadUtil.java:58)
at java.base/java.util.concurrent.FutureTask.run(FutureTask.java:264)
at java.base/java.util.concurrent.ThreadPoolExecutor.runWorker(ThreadPoolExecutor.java:1136)
at java.base/java.util.concurrent.ThreadPoolExecutor$Worker.run(ThreadPoolExecutor.java:635)
at java.base/java.lang.Thread.run(Thread.java:833)
]]>
            </full-stacktrace>
          </exception> <!-- java.lang.AssertionError -->
          <reporter-output>
          </reporter-output>
        </test-method> <!-- flightReservationConfirmationTest -->
        <test-method is-config="true" signature="tearDown()[pri:0, instance:com.automation.selenium_docker.flightreservation.FlightReservationTest@626c44e7]" started-at="2023-12-29T23:31:22 IST" name="tearDown" finished-at="2023-12-29T23:31:22 IST" duration-ms="105" status="PASS">
          <reporter-output>
          </reporter-output>
        </test-method> <!-- tearDown -->
      </class> <!-- com.automation.selenium_docker.flightreservation.FlightReservationTest -->
    </test> <!-- passengers-count-3 -->
    <test started-at="2023-12-29T23:31:06 IST" name="passengers-count-1" finished-at="2023-12-29T23:31:23 IST" duration-ms="17274">
      <class name="com.automation.selenium_docker.flightreservation.FlightReservationTest">
        <test-method is-config="true" signature="setDriver(org.testng.ITestContext)[pri:0, instance:com.automation.selenium_docker.flightreservation.FlightReservationTest@1a5b6f42]" started-at="2023-12-29T23:31:06 IST" name="setDriver" finished-at="2023-12-29T23:31:08 IST" duration-ms="1680" status="PASS">
          <params>
            <param index="0">
              <value>
                <![CDATA[org.testng.TestRunner@1c3146bc]]>
              </value>
            </param>
          </params>
          <reporter-output>
          </reporter-output>
        </test-method> <!-- setDriver -->
        <test-method is-config="true" signature="setParameters(java.lang.String)[pri:0, instance:com.automation.selenium_docker.flightreservation.FlightReservationTest@1a5b6f42]" started-at="2023-12-29T23:31:08 IST" name="setParameters" finished-at="2023-12-29T23:31:08 IST" depends-on-methods="com.automation.selenium_docker.basepackege.AbstractTest.setDriver" duration-ms="123" status="PASS">
          <params>
            <param index="0">
              <value>
                <![CDATA[test-data/flight-reservation/passenger-1.json]]>
              </value>
            </param>
          </params>
          <reporter-output>
          </reporter-output>
        </test-method> <!-- setParameters -->
        <test-method signature="userRegistrationTest()[pri:0, instance:com.automation.selenium_docker.flightreservation.FlightReservationTest@1a5b6f42]" started-at="2023-12-29T23:31:08 IST" name="userRegistrationTest" finished-at="2023-12-29T23:31:14 IST" duration-ms="6241" status="PASS">
          <reporter-output>
          </reporter-output>
        </test-method> <!-- userRegistrationTest -->
        <test-method signature="registrationConfirmationTest()[pri:0, instance:com.automation.selenium_docker.flightreservation.FlightReservationTest@1a5b6f42]" started-at="2023-12-29T23:31:14 IST" name="registrationConfirmationTest" finished-at="2023-12-29T23:31:16 IST" depends-on-methods="com.automation.selenium_docker.flightreservation.FlightReservationTest.userRegistrationTest" duration-ms="1983" status="PASS">
          <reporter-output>
          </reporter-output>
        </test-method> <!-- registrationConfirmationTest -->
        <test-method signature="flightSearchTest()[pri:0, instance:com.automation.selenium_docker.flightreservation.FlightReservationTest@1a5b6f42]" started-at="2023-12-29T23:31:16 IST" name="flightSearchTest" finished-at="2023-12-29T23:31:19 IST" depends-on-methods="com.automation.selenium_docker.flightreservation.FlightReservationTest.registrationConfirmationTest" duration-ms="3197" status="PASS">
          <reporter-output>
          </reporter-output>
        </test-method> <!-- flightSearchTest -->
        <test-method signature="flightSelectionTest()[pri:0, instance:com.automation.selenium_docker.flightreservation.FlightReservationTest@1a5b6f42]" started-at="2023-12-29T23:31:19 IST" name="flightSelectionTest" finished-at="2023-12-29T23:31:21 IST" depends-on-methods="com.automation.selenium_docker.flightreservation.FlightReservationTest.flightSearchTest" duration-ms="1700" status="PASS">
          <reporter-output>
          </reporter-output>
        </test-method> <!-- flightSelectionTest -->
        <test-method signature="flightReservationConfirmationTest()[pri:0, instance:com.automation.selenium_docker.flightreservation.FlightReservationTest@1a5b6f42]" started-at="2023-12-29T23:31:21 IST" name="flightReservationConfirmationTest" finished-at="2023-12-29T23:31:23 IST" depends-on-methods="com.automation.selenium_docker.flightreservation.FlightReservationTest.flightSelectionTest" duration-ms="2044" status="FAIL">
          <exception class="java.lang.AssertionError">
            <message>
              <![CDATA[expected [$585 USD] but found [$584 USD]]]>
            </message>
            <full-stacktrace>
              <![CDATA[java.lang.AssertionError: expected [$585 USD] but found [$584 USD]
at org.testng.Assert.fail(Assert.java:111)
at org.testng.Assert.failNotEquals(Assert.java:1578)
at org.testng.Assert.assertEqualsImpl(Assert.java:150)
at org.testng.Assert.assertEquals(Assert.java:132)
at org.testng.Assert.assertEquals(Assert.java:656)
at org.testng.Assert.assertEquals(Assert.java:666)
at com.automation.selenium_docker.flightreservation.FlightReservationTest.flightReservationConfirmationTest(FlightReservationTest.java:76)
at java.base/jdk.internal.reflect.NativeMethodAccessorImpl.invoke0(Native Method)
at java.base/jdk.internal.reflect.NativeMethodAccessorImpl.invoke(NativeMethodAccessorImpl.java:77)
at java.base/jdk.internal.reflect.DelegatingMethodAccessorImpl.invoke(DelegatingMethodAccessorImpl.java:43)
at java.base/java.lang.reflect.Method.invoke(Method.java:568)
at org.testng.internal.invokers.MethodInvocationHelper.invokeMethod(MethodInvocationHelper.java:139)
at org.testng.internal.invokers.TestInvoker.invokeMethod(TestInvoker.java:664)
at org.testng.internal.invokers.TestInvoker.invokeTestMethod(TestInvoker.java:227)
at org.testng.internal.invokers.MethodRunner.runInSequence(MethodRunner.java:50)
at org.testng.internal.invokers.TestInvoker$MethodInvocationAgent.invoke(TestInvoker.java:957)
at org.testng.internal.invokers.TestInvoker.invokeTestMethods(TestInvoker.java:200)
at org.testng.internal.invokers.TestMethodWorker.invokeTestMethods(TestMethodWorker.java:148)
at org.testng.internal.invokers.TestMethodWorker.run(TestMethodWorker.java:128)
at java.base/java.util.ArrayList.forEach(ArrayList.java:1511)
at org.testng.TestRunner.privateRun(TestRunner.java:848)
at org.testng.TestRunner.run(TestRunner.java:621)
at org.testng.SuiteRunner.runTest(SuiteRunner.java:443)
at org.testng.SuiteRunner$SuiteWorker.run(SuiteRunner.java:481)
at org.testng.internal.thread.ThreadUtil.lambda$execute$0(ThreadUtil.java:58)
at java.base/java.util.concurrent.FutureTask.run(FutureTask.java:264)
at java.base/java.util.concurrent.ThreadPoolExecutor.runWorker(ThreadPoolExecutor.java:1136)
at java.base/java.util.concurrent.ThreadPoolExecutor$Worker.run(ThreadPoolExecutor.java:635)
at java.base/java.lang.Thread.run(Thread.java:833)
]]>
            </full-stacktrace>
          </exception> <!-- java.lang.AssertionError -->
          <reporter-output>
          </reporter-output>
        </test-method> <!-- flightReservationConfirmationTest -->
        <test-method is-config="true" signature="tearDown()[pri:0, instance:com.automation.selenium_docker.flightreservation.FlightReservationTest@1a5b6f42]" started-at="2023-12-29T23:31:23 IST" name="tearDown" finished-at="2023-12-29T23:31:23 IST" duration-ms="98" status="PASS">
          <reporter-output>
          </reporter-output>
        </test-method> <!-- tearDown -->
      </class> <!-- com.automation.selenium_docker.flightreservation.FlightReservationTest -->
    </test> <!-- passengers-count-1 -->
    <test started-at="2023-12-29T23:31:06 IST" name="passengers-count-4" finished-at="2023-12-29T23:31:23 IST" duration-ms="17329">
      <class name="com.automation.selenium_docker.flightreservation.FlightReservationTest">
        <test-method is-config="true" signature="setupConfig()[pri:0, instance:com.automation.selenium_docker.flightreservation.FlightReservationTest@3b00856b]" started-at="2023-12-29T23:31:06 IST" name="setupConfig" finished-at="2023-12-29T23:31:06 IST" duration-ms="13" status="PASS">
          <reporter-output>
          </reporter-output>
        </test-method> <!-- setupConfig -->
        <test-method is-config="true" signature="setDriver(org.testng.ITestContext)[pri:0, instance:com.automation.selenium_docker.flightreservation.FlightReservationTest@3b00856b]" started-at="2023-12-29T23:31:06 IST" name="setDriver" finished-at="2023-12-29T23:31:08 IST" duration-ms="1681" status="PASS">
          <params>
            <param index="0">
              <value>
                <![CDATA[org.testng.TestRunner@5733f295]]>
              </value>
            </param>
          </params>
          <reporter-output>
          </reporter-output>
        </test-method> <!-- setDriver -->
        <test-method is-config="true" signature="setParameters(java.lang.String)[pri:0, instance:com.automation.selenium_docker.flightreservation.FlightReservationTest@3b00856b]" started-at="2023-12-29T23:31:08 IST" name="setParameters" finished-at="2023-12-29T23:31:08 IST" depends-on-methods="com.automation.selenium_docker.basepackege.AbstractTest.setDriver" duration-ms="123" status="PASS">
          <params>
            <param index="0">
              <value>
                <![CDATA[test-data/flight-reservation/passenger-4.json]]>
              </value>
            </param>
          </params>
          <reporter-output>
          </reporter-output>
        </test-method> <!-- setParameters -->
        <test-method signature="userRegistrationTest()[pri:0, instance:com.automation.selenium_docker.flightreservation.FlightReservationTest@3b00856b]" started-at="2023-12-29T23:31:08 IST" name="userRegistrationTest" finished-at="2023-12-29T23:31:14 IST" duration-ms="6342" status="PASS">
          <reporter-output>
          </reporter-output>
        </test-method> <!-- userRegistrationTest -->
        <test-method signature="registrationConfirmationTest()[pri:0, instance:com.automation.selenium_docker.flightreservation.FlightReservationTest@3b00856b]" started-at="2023-12-29T23:31:14 IST" name="registrationConfirmationTest" finished-at="2023-12-29T23:31:17 IST" depends-on-methods="com.automation.selenium_docker.flightreservation.FlightReservationTest.userRegistrationTest" duration-ms="2554" status="PASS">
          <reporter-output>
          </reporter-output>
        </test-method> <!-- registrationConfirmationTest -->
        <test-method signature="flightSearchTest()[pri:0, instance:com.automation.selenium_docker.flightreservation.FlightReservationTest@3b00856b]" started-at="2023-12-29T23:31:17 IST" name="flightSearchTest" finished-at="2023-12-29T23:31:19 IST" depends-on-methods="com.automation.selenium_docker.flightreservation.FlightReservationTest.registrationConfirmationTest" duration-ms="2580" status="PASS">
          <reporter-output>
          </reporter-output>
        </test-method> <!-- flightSearchTest -->
        <test-method signature="flightSelectionTest()[pri:0, instance:com.automation.selenium_docker.flightreservation.FlightReservationTest@3b00856b]" started-at="2023-12-29T23:31:19 IST" name="flightSelectionTest" finished-at="2023-12-29T23:31:22 IST" depends-on-methods="com.automation.selenium_docker.flightreservation.FlightReservationTest.flightSearchTest" duration-ms="2821" status="PASS">
          <reporter-output>
          </reporter-output>
        </test-method> <!-- flightSelectionTest -->
        <test-method signature="flightReservationConfirmationTest()[pri:0, instance:com.automation.selenium_docker.flightreservation.FlightReservationTest@3b00856b]" started-at="2023-12-29T23:31:22 IST" name="flightReservationConfirmationTest" finished-at="2023-12-29T23:31:23 IST" depends-on-methods="com.automation.selenium_docker.flightreservation.FlightReservationTest.flightSelectionTest" duration-ms="894" status="FAIL">
          <exception class="java.lang.AssertionError">
            <message>
              <![CDATA[expected [$238 USD] but found [$2338 USD]]]>
            </message>
            <full-stacktrace>
              <![CDATA[java.lang.AssertionError: expected [$238 USD] but found [$2338 USD]
at org.testng.Assert.fail(Assert.java:111)
at org.testng.Assert.failNotEquals(Assert.java:1578)
at org.testng.Assert.assertEqualsImpl(Assert.java:150)
at org.testng.Assert.assertEquals(Assert.java:132)
at org.testng.Assert.assertEquals(Assert.java:656)
at org.testng.Assert.assertEquals(Assert.java:666)
at com.automation.selenium_docker.flightreservation.FlightReservationTest.flightReservationConfirmationTest(FlightReservationTest.java:76)
at java.base/jdk.internal.reflect.NativeMethodAccessorImpl.invoke0(Native Method)
at java.base/jdk.internal.reflect.NativeMethodAccessorImpl.invoke(NativeMethodAccessorImpl.java:77)
at java.base/jdk.internal.reflect.DelegatingMethodAccessorImpl.invoke(DelegatingMethodAccessorImpl.java:43)
at java.base/java.lang.reflect.Method.invoke(Method.java:568)
at org.testng.internal.invokers.MethodInvocationHelper.invokeMethod(MethodInvocationHelper.java:139)
at org.testng.internal.invokers.TestInvoker.invokeMethod(TestInvoker.java:664)
at org.testng.internal.invokers.TestInvoker.invokeTestMethod(TestInvoker.java:227)
at org.testng.internal.invokers.MethodRunner.runInSequence(MethodRunner.java:50)
at org.testng.internal.invokers.TestInvoker$MethodInvocationAgent.invoke(TestInvoker.java:957)
at org.testng.internal.invokers.TestInvoker.invokeTestMethods(TestInvoker.java:200)
at org.testng.internal.invokers.TestMethodWorker.invokeTestMethods(TestMethodWorker.java:148)
at org.testng.internal.invokers.TestMethodWorker.run(TestMethodWorker.java:128)
at java.base/java.util.ArrayList.forEach(ArrayList.java:1511)
at org.testng.TestRunner.privateRun(TestRunner.java:848)
at org.testng.TestRunner.run(TestRunner.java:621)
at org.testng.SuiteRunner.runTest(SuiteRunner.java:443)
at org.testng.SuiteRunner$SuiteWorker.run(SuiteRunner.java:481)
at org.testng.internal.thread.ThreadUtil.lambda$execute$0(ThreadUtil.java:58)
at java.base/java.util.concurrent.FutureTask.run(FutureTask.java:264)
at java.base/java.util.concurrent.ThreadPoolExecutor.runWorker(ThreadPoolExecutor.java:1136)
at java.base/java.util.concurrent.ThreadPoolExecutor$Worker.run(ThreadPoolExecutor.java:635)
at java.base/java.lang.Thread.run(Thread.java:833)
]]>
            </full-stacktrace>
          </exception> <!-- java.lang.AssertionError -->
          <reporter-output>
          </reporter-output>
        </test-method> <!-- flightReservationConfirmationTest -->
        <test-method is-config="true" signature="tearDown()[pri:0, instance:com.automation.selenium_docker.flightreservation.FlightReservationTest@3b00856b]" started-at="2023-12-29T23:31:23 IST" name="tearDown" finished-at="2023-12-29T23:31:23 IST" duration-ms="113" status="PASS">
          <reporter-output>
          </reporter-output>
        </test-method> <!-- tearDown -->
      </class> <!-- com.automation.selenium_docker.flightreservation.FlightReservationTest -->
    </test> <!-- passengers-count-4 -->
  </suite> <!-- flight-reservation -->
</testng-results>
