<?xml version="1.0" encoding="UTF-8"?>
<!-- Generated by org.testng.reporters.JUnitXMLReporter -->
<testsuite ignored="0" hostname="DESKTOP-1SAT413" failures="1" tests="5" name="passengers-count-1" time="17.274" errors="0" timestamp="2023-12-29T23:31:23 IST">
  <testcase classname="com.automation.selenium_docker.flightreservation.FlightReservationTest" name="userRegistrationTest" time="6.241"/>
  <testcase classname="com.automation.selenium_docker.flightreservation.FlightReservationTest" name="registrationConfirmationTest" time="1.983"/>
  <testcase classname="com.automation.selenium_docker.flightreservation.FlightReservationTest" name="flightSearchTest" time="3.197"/>
  <testcase classname="com.automation.selenium_docker.flightreservation.FlightReservationTest" name="flightSelectionTest" time="1.7"/>
  <testcase classname="com.automation.selenium_docker.flightreservation.FlightReservationTest" name="flightReservationConfirmationTest" time="2.044">
    <failure type="java.lang.AssertionError" message="expected [$585 USD] but found [$584 USD]">
      <![CDATA[java.lang.AssertionError: expected [$585 USD] but found [$584 USD]
at com.automation.selenium_docker.flightreservation.FlightReservationTest.flightReservationConfirmationTest(FlightReservationTest.java:76)
at java.base/java.util.ArrayList.forEach(ArrayList.java:1511)
at java.base/java.util.concurrent.FutureTask.run(FutureTask.java:264)
at java.base/java.util.concurrent.ThreadPoolExecutor.runWorker(ThreadPoolExecutor.java:1136)
at java.base/java.util.concurrent.ThreadPoolExecutor$Worker.run(ThreadPoolExecutor.java:635)
at java.base/java.lang.Thread.run(Thread.java:833)
... Removed 23 stack frames]]>
    </failure>
  </testcase> <!-- flightReservationConfirmationTest -->
</testsuite> <!-- passengers-count-1 -->
